<?xml version="1.0" encoding="UTF-8"?>
<testsuite xmlns:xsi="http://www.w3.org/2001/XMLSchema-instance" xsi:noNamespaceSchemaLocation="https://maven.apache.org/surefire/maven-surefire-plugin/xsd/surefire-test-report-3.0.xsd" version="3.0" name="com.rakbank.studentservice.StudentServiceApplicationTests" time="8.597" tests="1" errors="0" skipped="0" failures="0">
  <properties>
[...]
</properties>
  <testcase name="contextLoads" classname="com.rakbank.studentservice.StudentServiceApplicationTests" time="0.622">
    <system-out><![CDATA[11:50:40.566 [main] INFO org.springframework.test.context.support.AnnotationConfigContextLoaderUtils -- Could not detect default configuration classes for test class [com.rakbank.studentservice.StudentServiceApplicationTests]: StudentServiceApplicationTests does not declare any static, non-private, non-final, nested classes annotated with @Configuration.
11:50:40.667 [main] INFO org.springframework.boot.test.context.SpringBootTestContextBootstrapper -- Found @SpringBootConfiguration com.rakbank.studentservice.StudentServiceApplication for test class com.rakbank.studentservice.StudentServiceApplicationTests

  .   ____          _            __ _ _
 /\\ / ___'_ __ _ _(_)_ __  __ _ \ \ \ \
( ( )\___ | '_ | '_| | '_ \/ _` | \ \ \ \
 \\/  ___)| |_)| | | | | || (_| |  ) ) ) )
  '  |____| .__|_| |_|_| |_\__, | / / / /
 =========|_|==============|___/=/_/_/_/
&amp#27;[32m :: Spring Boot :: &amp#27;[39m              &amp#27;[2m (v3.2.5)&amp#27;[0;39m

&amp#27;[2m2024-05-06T11:50:41.079+04:00&amp#27;[0;39m &amp#27;[32m INFO [student-service,,]&amp#27;[0;39m &amp#27;[35m31671&amp#27;[0;39m &amp#27;[2m---&amp#27;[0;39m &amp#27;[2m[student-service] [           main]&amp#27;[0;39m &amp#27;[2m[                                                 ] &amp#27;[0;39m&amp#27;[36mc.r.s.StudentServiceApplicationTests    &amp#27;[0;39m &amp#27;[2m:&amp#27;[0;39m Starting StudentServiceApplicationTests using Java 22 with PID 31671 (started by namjitharavind in /Users/namjitharavind/workshop/rakbank/student-service)
&amp#27;[2m2024-05-06T11:50:41.082+04:00&amp#27;[0;39m &amp#27;[32m INFO [student-service,,]&amp#27;[0;39m &amp#27;[35m31671&amp#27;[0;39m &amp#27;[2m---&amp#27;[0;39m &amp#27;[2m[student-service] [           main]&amp#27;[0;39m &amp#27;[2m[                                                 ] &amp#27;[0;39m&amp#27;[36mc.r.s.StudentServiceApplicationTests    &amp#27;[0;39m &amp#27;[2m:&amp#27;[0;39m No active profile set, falling back to 1 default profile: "default"
&amp#27;[2m2024-05-06T11:50:42.611+04:00&amp#27;[0;39m &amp#27;[32m INFO [student-service,,]&amp#27;[0;39m &amp#27;[35m31671&amp#27;[0;39m &amp#27;[2m---&amp#27;[0;39m &amp#27;[2m[student-service] [           main]&amp#27;[0;39m &amp#27;[2m[                                                 ] &amp#27;[0;39m&amp#27;[36m.s.d.r.c.RepositoryConfigurationDelegate&amp#27;[0;39m &amp#27;[2m:&amp#27;[0;39m Bootstrapping Spring Data JPA repositories in DEFAULT mode.
&amp#27;[2m2024-05-06T11:50:42.664+04:00&amp#27;[0;39m &amp#27;[32m INFO [student-service,,]&amp#27;[0;39m &amp#27;[35m31671&amp#27;[0;39m &amp#27;[2m---&amp#27;[0;39m &amp#27;[2m[student-service] [           main]&amp#27;[0;39m &amp#27;[2m[                                                 ] &amp#27;[0;39m&amp#27;[36m.s.d.r.c.RepositoryConfigurationDelegate&amp#27;[0;39m &amp#27;[2m:&amp#27;[0;39m Finished Spring Data repository scanning in 46 ms. Found 1 JPA repository interface.
&amp#27;[2m2024-05-06T11:50:43.595+04:00&amp#27;[0;39m &amp#27;[32m INFO [student-service,,]&amp#27;[0;39m &amp#27;[35m31671&amp#27;[0;39m &amp#27;[2m---&amp#27;[0;39m &amp#27;[2m[student-service] [           main]&amp#27;[0;39m &amp#27;[2m[                                                 ] &amp#27;[0;39m&amp#27;[36mcom.zaxxer.hikari.HikariDataSource      &amp#27;[0;39m &amp#27;[2m:&amp#27;[0;39m HikariPool-1 - Starting...
&amp#27;[2m2024-05-06T11:50:43.802+04:00&amp#27;[0;39m &amp#27;[32m INFO [student-service,,]&amp#27;[0;39m &amp#27;[35m31671&amp#27;[0;39m &amp#27;[2m---&amp#27;[0;39m &amp#27;[2m[student-service] [           main]&amp#27;[0;39m &amp#27;[2m[                                                 ] &amp#27;[0;39m&amp#27;[36mcom.zaxxer.hikari.pool.HikariPool       &amp#27;[0;39m &amp#27;[2m:&amp#27;[0;39m HikariPool-1 - Added connection conn0: url=jdbc:h2:mem:studentDb user=ROOT
&amp#27;[2m2024-05-06T11:50:43.803+04:00&amp#27;[0;39m &amp#27;[32m INFO [student-service,,]&amp#27;[0;39m &amp#27;[35m31671&amp#27;[0;39m &amp#27;[2m---&amp#27;[0;39m &amp#27;[2m[student-service] [           main]&amp#27;[0;39m &amp#27;[2m[                                                 ] &amp#27;[0;39m&amp#27;[36mcom.zaxxer.hikari.HikariDataSource      &amp#27;[0;39m &amp#27;[2m:&amp#27;[0;39m HikariPool-1 - Start completed.
&amp#27;[2m2024-05-06T11:50:43.850+04:00&amp#27;[0;39m &amp#27;[32m INFO [student-service,,]&amp#27;[0;39m &amp#27;[35m31671&amp#27;[0;39m &amp#27;[2m---&amp#27;[0;39m &amp#27;[2m[student-service] [           main]&amp#27;[0;39m &amp#27;[2m[                                                 ] &amp#27;[0;39m&amp#27;[36mo.hibernate.jpa.internal.util.LogHelper &amp#27;[0;39m &amp#27;[2m:&amp#27;[0;39m HHH000204: Processing PersistenceUnitInfo [name: default]
&amp#27;[2m2024-05-06T11:50:43.906+04:00&amp#27;[0;39m &amp#27;[32m INFO [student-service,,]&amp#27;[0;39m &amp#27;[35m31671&amp#27;[0;39m &amp#27;[2m---&amp#27;[0;39m &amp#27;[2m[student-service] [           main]&amp#27;[0;39m &amp#27;[2m[                                                 ] &amp#27;[0;39m&amp#27;[36morg.hibernate.Version                   &amp#27;[0;39m &amp#27;[2m:&amp#27;[0;39m HHH000412: Hibernate ORM core version 6.4.4.Final
&amp#27;[2m2024-05-06T11:50:43.938+04:00&amp#27;[0;39m &amp#27;[32m INFO [student-service,,]&amp#27;[0;39m &amp#27;[35m31671&amp#27;[0;39m &amp#27;[2m---&amp#27;[0;39m &amp#27;[2m[student-service] [           main]&amp#27;[0;39m &amp#27;[2m[                                                 ] &amp#27;[0;39m&amp#27;[36mo.h.c.internal.RegionFactoryInitiator   &amp#27;[0;39m &amp#27;[2m:&amp#27;[0;39m HHH000026: Second-level cache disabled
&amp#27;[2m2024-05-06T11:50:44.207+04:00&amp#27;[0;39m &amp#27;[32m INFO [student-service,,]&amp#27;[0;39m &amp#27;[35m31671&amp#27;[0;39m &amp#27;[2m---&amp#27;[0;39m &amp#27;[2m[student-service] [           main]&amp#27;[0;39m &amp#27;[2m[                                                 ] &amp#27;[0;39m&amp#27;[36mo.s.o.j.p.SpringPersistenceUnitInfo     &amp#27;[0;39m &amp#27;[2m:&amp#27;[0;39m No LoadTimeWeaver setup: ignoring JPA class transformer
&amp#27;[2m2024-05-06T11:50:44.254+04:00&amp#27;[0;39m &amp#27;[33m WARN [student-service,,]&amp#27;[0;39m &amp#27;[35m31671&amp#27;[0;39m &amp#27;[2m---&amp#27;[0;39m &amp#27;[2m[student-service] [           main]&amp#27;[0;39m &amp#27;[2m[                                                 ] &amp#27;[0;39m&amp#27;[36morg.hibernate.orm.deprecation           &amp#27;[0;39m &amp#27;[2m:&amp#27;[0;39m HHH90000025: H2Dialect does not need to be specified explicitly using 'hibernate.dialect' (remove the property setting and it will be selected by default)
&amp#27;[2m2024-05-06T11:50:45.070+04:00&amp#27;[0;39m &amp#27;[32m INFO [student-service,,]&amp#27;[0;39m &amp#27;[35m31671&amp#27;[0;39m &amp#27;[2m---&amp#27;[0;39m &amp#27;[2m[student-service] [           main]&amp#27;[0;39m &amp#27;[2m[                                                 ] &amp#27;[0;39m&amp#27;[36mo.h.e.t.j.p.i.JtaPlatformInitiator      &amp#27;[0;39m &amp#27;[2m:&amp#27;[0;39m HHH000489: No JTA platform available (set 'hibernate.transaction.jta.platform' to enable JTA platform integration)
&amp#27;[2m2024-05-06T11:50:45.098+04:00&amp#27;[0;39m &amp#27;[32m INFO [student-service,,]&amp#27;[0;39m &amp#27;[35m31671&amp#27;[0;39m &amp#27;[2m---&amp#27;[0;39m &amp#27;[2m[student-service] [           main]&amp#27;[0;39m &amp#27;[2m[                                                 ] &amp#27;[0;39m&amp#27;[36mj.LocalContainerEntityManagerFactoryBean&amp#27;[0;39m &amp#27;[2m:&amp#27;[0;39m Initialized JPA EntityManagerFactory for persistence unit 'default'
&amp#27;[2m2024-05-06T11:50:45.699+04:00&amp#27;[0;39m &amp#27;[33m WARN [student-service,,]&amp#27;[0;39m &amp#27;[35m31671&amp#27;[0;39m &amp#27;[2m---&amp#27;[0;39m &amp#27;[2m[student-service] [           main]&amp#27;[0;39m &amp#27;[2m[                                                 ] &amp#27;[0;39m&amp#27;[36mJpaBaseConfiguration$JpaWebConfiguration&amp#27;[0;39m &amp#27;[2m:&amp#27;[0;39m spring.jpa.open-in-view is enabled by default. Therefore, database queries may be performed during view rendering. Explicitly configure spring.jpa.open-in-view to disable this warning
&amp#27;[2m2024-05-06T11:50:48.094+04:00&amp#27;[0;39m &amp#27;[32m INFO [student-service,,]&amp#27;[0;39m &amp#27;[35m31671&amp#27;[0;39m &amp#27;[2m---&amp#27;[0;39m &amp#27;[2m[student-service] [           main]&amp#27;[0;39m &amp#27;[2m[                                                 ] &amp#27;[0;39m&amp#27;[36mo.s.b.a.h2.H2ConsoleAutoConfiguration   &amp#27;[0;39m &amp#27;[2m:&amp#27;[0;39m H2 console available at '/h2-console'. Database available at 'jdbc:h2:mem:studentDb'
&amp#27;[2m2024-05-06T11:50:48.197+04:00&amp#27;[0;39m &amp#27;[32m INFO [student-service,,]&amp#27;[0;39m &amp#27;[35m31671&amp#27;[0;39m &amp#27;[2m---&amp#27;[0;39m &amp#27;[2m[student-service] [           main]&amp#27;[0;39m &amp#27;[2m[                                                 ] &amp#27;[0;39m&amp#27;[36mo.s.b.a.e.web.EndpointLinksResolver     &amp#27;[0;39m &amp#27;[2m:&amp#27;[0;39m Exposing 25 endpoint(s) beneath base path '/actuator'
&amp#27;[2m2024-05-06T11:50:48.292+04:00&amp#27;[0;39m &amp#27;[32m INFO [student-service,,]&amp#27;[0;39m &amp#27;[35m31671&amp#27;[0;39m &amp#27;[2m---&amp#27;[0;39m &amp#27;[2m[student-service] [           main]&amp#27;[0;39m &amp#27;[2m[                                                 ] &amp#27;[0;39m&amp#27;[36mc.r.s.StudentServiceApplicationTests    &amp#27;[0;39m &amp#27;[2m:&amp#27;[0;39m Started StudentServiceApplicationTests in 7.495 seconds (process running for 8.552)
]]></system-out>
    <system-err><![CDATA[WARNING: A Java agent has been loaded dynamically (/Users/namjitharavind/.m2/repository/net/bytebuddy/byte-buddy-agent/1.14.13/byte-buddy-agent-1.14.13.jar)
WARNING: If a serviceability tool is in use, please run with -XX:+EnableDynamicAgentLoading to hide this warning
WARNING: If a serviceability tool is not in use, please run with -Djdk.instrument.traceUsage for more information
WARNING: Dynamic loading of agents will be disallowed by default in a future release
]]></system-err>
  </testcase>
</testsuite>